<?xml version="1.0" encoding="UTF-8"?>
<robot generator="Robot 5.0.1 (Python 3.9.12 on win32)" generated="20220523 16:41:14.351" rpa="false" schemaversion="3">
<suite id="s1" name="Search Random Number" source="D:\work\assignment\assignment-git-flow\assignment-git-flow\testcases\search_random_number.robot">
<test id="s1-t1" name="TC-002" line="7">
<kw name="go to lotuss web" library="search_random_number_keywords">
<kw name="Open Browser" library="Selenium2Library">
<arg>${lotuss_web}</arg>
<arg>chrome</arg>
<doc>Opens a new browser instance to the optional ``url``.</doc>
<msg timestamp="20220523 16:41:14.663" level="INFO">Opening browser 'chrome' to base url 'https://www.lotuss.com/th'.</msg>
<status status="PASS" starttime="20220523 16:41:14.663" endtime="20220523 16:41:16.643"/>
</kw>
<kw name="Maximize Browser Window" library="Selenium2Library">
<doc>Maximizes current browser window.</doc>
<status status="PASS" starttime="20220523 16:41:16.643" endtime="20220523 16:41:16.754"/>
</kw>
<status status="PASS" starttime="20220523 16:41:14.662" endtime="20220523 16:41:16.754"/>
</kw>
<kw name="Wait Until Element Is Visible" library="Selenium2Library">
<arg>${search_input}</arg>
<doc>Waits until the element ``locator`` is visible.</doc>
<msg timestamp="20220523 16:41:17.493" level="INFO">Suppressing StaleElementReferenceException from Selenium.</msg>
<status status="PASS" starttime="20220523 16:41:16.754" endtime="20220523 16:41:17.727"/>
</kw>
<kw name="Generate Random Numbers" library="utils">
<var>${search_numbers}</var>
<msg timestamp="20220523 16:41:17.728" level="INFO">${search_numbers} = 686930</msg>
<status status="PASS" starttime="20220523 16:41:17.728" endtime="20220523 16:41:17.728"/>
</kw>
<kw name="Input Text" library="Selenium2Library">
<arg>${search_input}</arg>
<arg>${search_numbers}</arg>
<doc>Types the given ``text`` into the text field identified by ``locator``.</doc>
<msg timestamp="20220523 16:41:17.729" level="INFO">Typing text '686930' into text field '//input[@id="search-bar-input"]'.</msg>
<status status="PASS" starttime="20220523 16:41:17.729" endtime="20220523 16:41:17.899"/>
</kw>
<kw name="Press Keys" library="Selenium2Library">
<arg>${search_input}</arg>
<arg>ENTER</arg>
<doc>Simulates the user pressing key(s) to an element or on the active browser.</doc>
<msg timestamp="20220523 16:41:17.900" level="INFO">Sending key(s) ('ENTER',) to //input[@id="search-bar-input"] element.</msg>
<msg timestamp="20220523 16:41:18.215" level="INFO">Pressing special key ENTER to element.</msg>
<msg timestamp="20220523 16:41:18.215" level="INFO">Releasing special key ENTER.</msg>
<status status="PASS" starttime="20220523 16:41:17.900" endtime="20220523 16:41:26.845"/>
</kw>
<kw name="Wait Until Element Is Visible" library="Selenium2Library">
<arg>${search_result}</arg>
<doc>Waits until the element ``locator`` is visible.</doc>
<status status="PASS" starttime="20220523 16:41:26.846" endtime="20220523 16:41:28.702"/>
</kw>
<kw name="Page Should Contain Element" library="Selenium2Library">
<arg>${search_result}</arg>
<doc>Verifies that element ``locator`` is found on the current page.</doc>
<msg timestamp="20220523 16:41:28.711" level="INFO">Current page contains element '//*[@id="spa-root"]/div/div[1]/div[2]/div[1]/div/div[1]/div/p[1]'.</msg>
<status status="PASS" starttime="20220523 16:41:28.703" endtime="20220523 16:41:28.711"/>
</kw>
<status status="PASS" starttime="20220523 16:41:14.661" endtime="20220523 16:41:28.712"/>
</test>
<status status="PASS" starttime="20220523 16:41:14.353" endtime="20220523 16:41:28.714"/>
</suite>
<statistics>
<total>
<stat pass="1" fail="0" skip="0">All Tests</stat>
</total>
<tag>
</tag>
<suite>
<stat pass="1" fail="0" skip="0" id="s1" name="Search Random Number">Search Random Number</stat>
</suite>
</statistics>
<errors>
</errors>
</robot>
