<?xml version="1.0" encoding="UTF-8"?>
<robot generator="Robot 5.0.1 (Python 3.9.12 on win32)" generated="20220526 10:19:26.488" rpa="false" schemaversion="3">
<suite id="s1" name="Assignment-Git-Flow" source="D:\work\Assignment\assignment1-2\assignment-git-flow\assignment-git-flow">
<suite id="s1-s1" name="Testcases" source="D:\work\Assignment\assignment1-2\assignment-git-flow\assignment-git-flow\testcases">
<suite id="s1-s1-s1" name="Search Random Number" source="D:\work\Assignment\assignment1-2\assignment-git-flow\assignment-git-flow\testcases\search_random_number.robot">
<test id="s1-s1-s1-t1" name="TC-002" line="7">
<kw name="go to lotuss web" library="search_random_number_keywords">
<kw name="Open Browser" library="Selenium2Library">
<arg>${lotuss_web}</arg>
<arg>chrome</arg>
<doc>Opens a new browser instance to the optional ``url``.</doc>
<msg timestamp="20220526 10:19:26.852" level="INFO">Opening browser 'chrome' to base url 'https://www.lotuss.com/th'.</msg>
<status status="PASS" starttime="20220526 10:19:26.851" endtime="20220526 10:19:29.904"/>
</kw>
<kw name="Maximize Browser Window" library="Selenium2Library">
<doc>Maximizes current browser window.</doc>
<status status="PASS" starttime="20220526 10:19:29.904" endtime="20220526 10:19:30.034"/>
</kw>
<status status="PASS" starttime="20220526 10:19:26.851" endtime="20220526 10:19:30.035"/>
</kw>
<kw name="Wait Until Element Is Visible" library="Selenium2Library">
<arg>${search_input}</arg>
<doc>Waits until the element ``locator`` is visible.</doc>
<msg timestamp="20220526 10:19:31.049" level="INFO">Suppressing StaleElementReferenceException from Selenium.</msg>
<status status="PASS" starttime="20220526 10:19:30.036" endtime="20220526 10:19:31.347"/>
</kw>
<kw name="Generate Random Numbers" library="utils">
<var>${search_numbers}</var>
<msg timestamp="20220526 10:19:31.348" level="INFO">${search_numbers} = 923792</msg>
<status status="PASS" starttime="20220526 10:19:31.347" endtime="20220526 10:19:31.349"/>
</kw>
<kw name="Input Text" library="Selenium2Library">
<arg>${search_input}</arg>
<arg>${search_numbers}</arg>
<doc>Types the given ``text`` into the text field identified by ``locator``.</doc>
<msg timestamp="20220526 10:19:31.350" level="INFO">Typing text '923792' into text field '//input[@id="search-bar-input"]'.</msg>
<status status="PASS" starttime="20220526 10:19:31.350" endtime="20220526 10:19:31.436"/>
</kw>
<kw name="Press Keys" library="Selenium2Library">
<arg>${search_input}</arg>
<arg>ENTER</arg>
<doc>Simulates the user pressing key(s) to an element or on the active browser.</doc>
<msg timestamp="20220526 10:19:31.438" level="INFO">Sending key(s) ('ENTER',) to //input[@id="search-bar-input"] element.</msg>
<msg timestamp="20220526 10:19:31.786" level="INFO">Pressing special key ENTER to element.</msg>
<msg timestamp="20220526 10:19:31.787" level="INFO">Releasing special key ENTER.</msg>
<status status="PASS" starttime="20220526 10:19:31.437" endtime="20220526 10:19:32.014"/>
</kw>
<kw name="Wait Until Element Is Visible" library="Selenium2Library">
<arg>${search_result}</arg>
<doc>Waits until the element ``locator`` is visible.</doc>
<status status="PASS" starttime="20220526 10:19:32.015" endtime="20220526 10:19:34.473"/>
</kw>
<kw name="Page Should Contain Element" library="Selenium2Library">
<arg>${search_result}</arg>
<doc>Verifies that element ``locator`` is found on the current page.</doc>
<msg timestamp="20220526 10:19:34.484" level="INFO">Current page contains element '//*[@id="spa-root"]/div/div[1]/div[2]/div[1]/div/div[1]/div/p[1]'.</msg>
<status status="PASS" starttime="20220526 10:19:34.474" endtime="20220526 10:19:34.485"/>
</kw>
<status status="PASS" starttime="20220526 10:19:26.849" endtime="20220526 10:19:34.486"/>
</test>
<status status="PASS" starttime="20220526 10:19:26.539" endtime="20220526 10:19:34.488"/>
</suite>
<status status="PASS" starttime="20220526 10:19:26.534" endtime="20220526 10:19:34.492"/>
</suite>
<status status="PASS" starttime="20220526 10:19:26.507" endtime="20220526 10:19:34.495"/>
</suite>
<statistics>
<total>
<stat pass="1" fail="0" skip="0">All Tests</stat>
</total>
<tag>
</tag>
<suite>
<stat pass="1" fail="0" skip="0" id="s1" name="Assignment-Git-Flow">Assignment-Git-Flow</stat>
<stat pass="1" fail="0" skip="0" id="s1-s1" name="Testcases">Assignment-Git-Flow.Testcases</stat>
<stat pass="1" fail="0" skip="0" id="s1-s1-s1" name="Search Random Number">Assignment-Git-Flow.Testcases.Search Random Number</stat>
</suite>
</statistics>
<errors>
</errors>
</robot>
